# JRE version: OpenJDK Runtime Environment (17.0.11) (build 17.0.11+0--11852314)
# Java VM: OpenJDK 64-Bit Server VM (17.0.11+0--11852314, mixed mode, tiered, compressed oops, compressed class ptrs, g1 gc, windows-amd64)
GC Precious Log:
 CPUs: 4 total, 4 available
 Memory: 3499M
 Large Page Support: Disabled
 NUMA Support: Disabled
 Compressed Oops: Enabled (32-bit)
 Heap Region Size: 1M
 Heap Min Capacity: 8M
 Heap Initial Capacity: 56M
 Heap Max Capacity: 876M
 Pre-touch: Disabled
 Parallel Workers: 4
 Concurrent Workers: 1
 Concurrent Refinement Workers: 4
 Periodic GC: Disabled
Heap:
 garbage-first heap   total 89088K, used 53063K [0x00000000c9400000, 0x0000000100000000)
  region size 1024K, 1 young (1024K), 1 survivors (1024K)
 Metaspace       used 60616K, committed 60864K, reserved 1114112K
  class space    used 7049K, committed 7168K, reserved 1048576K
GC Heap History (20 events):
Event: 6.226 GC heap after
{Heap after GC invocations=17 (full 0):
 garbage-first heap   total 71680K, used 32971K [0x00000000c9400000, 0x0000000100000000)
  region size 1024K, 3 young (3072K), 3 survivors (3072K)
 Metaspace       used 49566K, committed 49856K, reserved 1114112K
  class space    used 5973K, committed 6080K, reserved 1048576K
}
Event: 6.869 GC heap before
{Heap before GC invocations=17 (full 0):
 garbage-first heap   total 71680K, used 55499K [0x00000000c9400000, 0x0000000100000000)
  region size 1024K, 25 young (25600K), 3 survivors (3072K)
 Metaspace       used 52100K, committed 52352K, reserved 1114112K
  class space    used 6233K, committed 6336K, reserved 1048576K
}
Event: 6.881 GC heap after
{Heap after GC invocations=18 (full 0):
 garbage-first heap   total 71680K, used 37396K [0x00000000c9400000, 0x0000000100000000)
  region size 1024K, 4 young (4096K), 4 survivors (4096K)
 Metaspace       used 52100K, committed 52352K, reserved 1114112K
  class space    used 6233K, committed 6336K, reserved 1048576K
}
Event: 7.028 GC heap before
{Heap before GC invocations=18 (full 0):
 garbage-first heap   total 71680K, used 54804K [0x00000000c9400000, 0x0000000100000000)
  region size 1024K, 21 young (21504K), 4 survivors (4096K)
 Metaspace       used 52376K, committed 52544K, reserved 1114112K
  class space    used 6266K, committed 6336K, reserved 1048576K
}
Event: 7.040 GC heap after
{Heap after GC invocations=19 (full 0):
 garbage-first heap   total 71680K, used 38967K [0x00000000c9400000, 0x0000000100000000)
  region size 1024K, 2 young (2048K), 2 survivors (2048K)
 Metaspace       used 52376K, committed 52544K, reserved 1114112K
  class space    used 6266K, committed 6336K, reserved 1048576K
}
Event: 7.592 GC heap before
{Heap before GC invocations=20 (full 0):
 garbage-first heap   total 71680K, used 54327K [0x00000000c9400000, 0x0000000100000000)
  region size 1024K, 18 young (18432K), 2 survivors (2048K)
 Metaspace       used 53342K, committed 53632K, reserved 1114112K
  class space    used 6337K, committed 6464K, reserved 1048576K
}
Event: 7.603 GC heap after
{Heap after GC invocations=21 (full 0):
 garbage-first heap   total 71680K, used 40533K [0x00000000c9400000, 0x0000000100000000)
  region size 1024K, 3 young (3072K), 3 survivors (3072K)
 Metaspace       used 53342K, committed 53632K, reserved 1114112K
  class space    used 6337K, committed 6464K, reserved 1048576K
}
Event: 7.626 GC heap before
{Heap before GC invocations=21 (full 0):
 garbage-first heap   total 71680K, used 40533K [0x00000000c9400000, 0x0000000100000000)
  region size 1024K, 4 young (4096K), 3 survivors (3072K)
 Metaspace       used 53365K, committed 53632K, reserved 1114112K
  class space    used 6338K, committed 6464K, reserved 1048576K
}
Event: 7.636 GC heap after
{Heap after GC invocations=22 (full 0):
 garbage-first heap   total 86016K, used 40676K [0x00000000c9400000, 0x0000000100000000)
  region size 1024K, 1 young (1024K), 1 survivors (1024K)
 Metaspace       used 53365K, committed 53632K, reserved 1114112K
  class space    used 6338K, committed 6464K, reserved 1048576K
}
Event: 8.420 GC heap before
{Heap before GC invocations=22 (full 0):
 garbage-first heap   total 86016K, used 65252K [0x00000000c9400000, 0x0000000100000000)
  region size 1024K, 25 young (25600K), 1 survivors (1024K)
 Metaspace       used 54563K, committed 54784K, reserved 1114112K
  class space    used 6392K, committed 6464K, reserved 1048576K
}
Event: 8.433 GC heap after
{Heap after GC invocations=23 (full 0):
 garbage-first heap   total 86016K, used 45297K [0x00000000c9400000, 0x0000000100000000)
  region size 1024K, 4 young (4096K), 4 survivors (4096K)
 Metaspace       used 54563K, committed 54784K, reserved 1114112K
  class space    used 6392K, committed 6464K, reserved 1048576K
}
Event: 9.076 GC heap before
{Heap before GC invocations=24 (full 0):
 garbage-first heap   total 86016K, used 66801K [0x00000000c9400000, 0x0000000100000000)
  region size 1024K, 25 young (25600K), 4 survivors (4096K)
 Metaspace       used 56091K, committed 56320K, reserved 1114112K
  class space    used 6559K, committed 6656K, reserved 1048576K
}
Event: 9.091 GC heap after
{Heap after GC invocations=25 (full 0):
 garbage-first heap   total 86016K, used 47782K [0x00000000c9400000, 0x0000000100000000)
  region size 1024K, 3 young (3072K), 3 survivors (3072K)
 Metaspace       used 56091K, committed 56320K, reserved 1114112K
  class space    used 6559K, committed 6656K, reserved 1048576K
}
Event: 9.152 GC heap before
{Heap before GC invocations=25 (full 0):
 garbage-first heap   total 86016K, used 48806K [0x00000000c9400000, 0x0000000100000000)
  region size 1024K, 4 young (4096K), 3 survivors (3072K)
 Metaspace       used 56173K, committed 56384K, reserved 1114112K
  class space    used 6561K, committed 6656K, reserved 1048576K
}
Event: 9.159 GC heap after
{Heap after GC invocations=26 (full 0):
 garbage-first heap   total 86016K, used 47870K [0x00000000c9400000, 0x0000000100000000)
  region size 1024K, 1 young (1024K), 1 survivors (1024K)
 Metaspace       used 56173K, committed 56384K, reserved 1114112K
  class space    used 6561K, committed 6656K, reserved 1048576K
}
Event: 9.879 GC heap before
{Heap before GC invocations=26 (full 0):
 garbage-first heap   total 86016K, used 67326K [0x00000000c9400000, 0x0000000100000000)
  region size 1024K, 20 young (20480K), 1 survivors (1024K)
 Metaspace       used 59747K, committed 59968K, reserved 1114112K
  class space    used 7003K, committed 7104K, reserved 1048576K
}
Event: 9.887 GC heap after
{Heap after GC invocations=27 (full 0):
 garbage-first heap   total 86016K, used 49836K [0x00000000c9400000, 0x0000000100000000)
  region size 1024K, 3 young (3072K), 3 survivors (3072K)
 Metaspace       used 59747K, committed 59968K, reserved 1114112K
  class space    used 7003K, committed 7104K, reserved 1048576K
}
Event: 10.666 GC heap before
{Heap before GC invocations=28 (full 0):
 garbage-first heap   total 89088K, used 68268K [0x00000000c9400000, 0x0000000100000000)
  region size 1024K, 21 young (21504K), 3 survivors (3072K)
 Metaspace       used 60485K, committed 60736K, reserved 1114112K
  class space    used 7048K, committed 7168K, reserved 1048576K
}
Event: 10.680 GC heap after
{Heap after GC invocations=29 (full 0):
 garbage-first heap   total 89088K, used 52868K [0x00000000c9400000, 0x0000000100000000)
  region size 1024K, 3 young (3072K), 3 survivors (3072K)
 Metaspace       used 60485K, committed 60736K, reserved 1114112K
  class space    used 7048K, committed 7168K, reserved 1048576K
}
Event: 10.751 GC heap before
{Heap before GC invocations=29 (full 0):
 garbage-first heap   total 89088K, used 53892K [0x00000000c9400000, 0x0000000100000000)
  region size 1024K, 4 young (4096K), 3 survivors (3072K)
 Metaspace       used 60616K, committed 60864K, reserved 1114112K
  class space    used 7049K, committed 7168K, reserved 1048576K
}

