# JRE version: OpenJDK Runtime Environment (17.0.11) (build 17.0.11+0--11852314)
# Java VM: OpenJDK 64-Bit Server VM (17.0.11+0--11852314, mixed mode, tiered, compressed oops, compressed class ptrs, g1 gc, windows-amd64)
GC Precious Log:
 CPUs: 4 total, 4 available
 Memory: 3499M
 Large Page Support: Disabled
 NUMA Support: Disabled
 Compressed Oops: Enabled (32-bit)
 Heap Region Size: 1M
 Heap Min Capacity: 8M
 Heap Initial Capacity: 56M
 Heap Max Capacity: 876M
 Pre-touch: Disabled
 Parallel Workers: 4
 Concurrent Workers: 1
 Concurrent Refinement Workers: 4
 Periodic GC: Disabled
Heap:
 garbage-first heap   total 92160K, used 57563K [0x00000000c9400000, 0x0000000100000000)
  region size 1024K, 3 young (3072K), 3 survivors (3072K)
 Metaspace       used 62467K, committed 62720K, reserved 1114112K
  class space    used 7197K, committed 7296K, reserved 1048576K
GC Heap History (20 events):
Event: 22.975 GC heap after
{Heap after GC invocations=24 (full 0):
 garbage-first heap   total 65536K, used 38466K [0x00000000c9400000, 0x0000000100000000)
  region size 1024K, 2 young (2048K), 2 survivors (2048K)
 Metaspace       used 52782K, committed 52992K, reserved 1114112K
  class space    used 6300K, committed 6400K, reserved 1048576K
}
Event: 23.997 GC heap before
{Heap before GC invocations=25 (full 0):
 garbage-first heap   total 66560K, used 51778K [0x00000000c9400000, 0x0000000100000000)
  region size 1024K, 15 young (15360K), 2 survivors (2048K)
 Metaspace       used 53564K, committed 53824K, reserved 1114112K
  class space    used 6345K, committed 6464K, reserved 1048576K
}
Event: 24.011 GC heap after
{Heap after GC invocations=26 (full 0):
 garbage-first heap   total 66560K, used 41038K [0x00000000c9400000, 0x0000000100000000)
  region size 1024K, 2 young (2048K), 2 survivors (2048K)
 Metaspace       used 53564K, committed 53824K, reserved 1114112K
  class space    used 6345K, committed 6464K, reserved 1048576K
}
Event: 24.847 GC heap before
{Heap before GC invocations=26 (full 0):
 garbage-first heap   total 66560K, used 51278K [0x00000000c9400000, 0x0000000100000000)
  region size 1024K, 13 young (13312K), 2 survivors (2048K)
 Metaspace       used 54432K, committed 54656K, reserved 1114112K
  class space    used 6383K, committed 6464K, reserved 1048576K
}
Event: 24.858 GC heap after
{Heap after GC invocations=27 (full 0):
 garbage-first heap   total 79872K, used 43400K [0x00000000c9400000, 0x0000000100000000)
  region size 1024K, 2 young (2048K), 2 survivors (2048K)
 Metaspace       used 54432K, committed 54656K, reserved 1114112K
  class space    used 6383K, committed 6464K, reserved 1048576K
}
Event: 25.897 GC heap before
{Heap before GC invocations=28 (full 0):
 garbage-first heap   total 79872K, used 62856K [0x00000000c9400000, 0x0000000100000000)
  region size 1024K, 21 young (21504K), 2 survivors (2048K)
 Metaspace       used 55110K, committed 55360K, reserved 1114112K
  class space    used 6431K, committed 6528K, reserved 1048576K
}
Event: 25.912 GC heap after
{Heap after GC invocations=29 (full 0):
 garbage-first heap   total 79872K, used 46475K [0x00000000c9400000, 0x0000000100000000)
  region size 1024K, 3 young (3072K), 3 survivors (3072K)
 Metaspace       used 55110K, committed 55360K, reserved 1114112K
  class space    used 6431K, committed 6528K, reserved 1048576K
}
Event: 27.557 GC heap before
{Heap before GC invocations=29 (full 0):
 garbage-first heap   total 79872K, used 62859K [0x00000000c9400000, 0x0000000100000000)
  region size 1024K, 19 young (19456K), 3 survivors (3072K)
 Metaspace       used 57313K, committed 57536K, reserved 1114112K
  class space    used 6678K, committed 6784K, reserved 1048576K
}
Event: 27.576 GC heap after
{Heap after GC invocations=30 (full 0):
 garbage-first heap   total 79872K, used 48221K [0x00000000c9400000, 0x0000000100000000)
  region size 1024K, 2 young (2048K), 2 survivors (2048K)
 Metaspace       used 57313K, committed 57536K, reserved 1114112K
  class space    used 6678K, committed 6784K, reserved 1048576K
}
Event: 29.940 GC heap before
{Heap before GC invocations=31 (full 0):
 garbage-first heap   total 83968K, used 62557K [0x00000000c9400000, 0x0000000100000000)
  region size 1024K, 17 young (17408K), 2 survivors (2048K)
 Metaspace       used 59859K, committed 60096K, reserved 1114112K
  class space    used 7003K, committed 7104K, reserved 1048576K
}
Event: 29.951 GC heap after
{Heap after GC invocations=32 (full 0):
 garbage-first heap   total 83968K, used 50163K [0x00000000c9400000, 0x0000000100000000)
  region size 1024K, 3 young (3072K), 3 survivors (3072K)
 Metaspace       used 59859K, committed 60096K, reserved 1114112K
  class space    used 7003K, committed 7104K, reserved 1048576K
}
Event: 30.005 GC heap before
{Heap before GC invocations=32 (full 0):
 garbage-first heap   total 83968K, used 51187K [0x00000000c9400000, 0x0000000100000000)
  region size 1024K, 4 young (4096K), 3 survivors (3072K)
 Metaspace       used 59887K, committed 60096K, reserved 1114112K
  class space    used 7003K, committed 7104K, reserved 1048576K
}
Event: 30.036 GC heap after
{Heap after GC invocations=33 (full 0):
 garbage-first heap   total 83968K, used 50149K [0x00000000c9400000, 0x0000000100000000)
  region size 1024K, 1 young (1024K), 1 survivors (1024K)
 Metaspace       used 59887K, committed 60096K, reserved 1114112K
  class space    used 7003K, committed 7104K, reserved 1048576K
}
Event: 30.826 GC heap before
{Heap before GC invocations=33 (full 0):
 garbage-first heap   total 83968K, used 66533K [0x00000000c9400000, 0x0000000100000000)
  region size 1024K, 17 young (17408K), 1 survivors (1024K)
 Metaspace       used 60616K, committed 60864K, reserved 1114112K
  class space    used 7048K, committed 7168K, reserved 1048576K
}
Event: 30.833 GC heap after
{Heap after GC invocations=34 (full 0):
 garbage-first heap   total 83968K, used 52703K [0x00000000c9400000, 0x0000000100000000)
  region size 1024K, 3 young (3072K), 3 survivors (3072K)
 Metaspace       used 60616K, committed 60864K, reserved 1114112K
  class space    used 7048K, committed 7168K, reserved 1048576K
}
Event: 31.817 GC heap before
{Heap before GC invocations=35 (full 0):
 garbage-first heap   total 92160K, used 68063K [0x00000000c9400000, 0x0000000100000000)
  region size 1024K, 17 young (17408K), 3 survivors (3072K)
 Metaspace       used 61547K, committed 61760K, reserved 1114112K
  class space    used 7136K, committed 7232K, reserved 1048576K
}
Event: 31.847 GC heap after
{Heap after GC invocations=36 (full 0):
 garbage-first heap   total 92160K, used 54658K [0x00000000c9400000, 0x0000000100000000)
  region size 1024K, 2 young (2048K), 2 survivors (2048K)
 Metaspace       used 61547K, committed 61760K, reserved 1114112K
  class space    used 7136K, committed 7232K, reserved 1048576K
}
Event: 32.025 GC heap before
{Heap before GC invocations=36 (full 0):
 garbage-first heap   total 92160K, used 56706K [0x00000000c9400000, 0x0000000100000000)
  region size 1024K, 4 young (4096K), 2 survivors (2048K)
 Metaspace       used 61798K, committed 62080K, reserved 1114112K
  class space    used 7161K, committed 7296K, reserved 1048576K
}
Event: 32.043 GC heap after
{Heap after GC invocations=37 (full 0):
 garbage-first heap   total 92160K, used 54580K [0x00000000c9400000, 0x0000000100000000)
  region size 1024K, 1 young (1024K), 1 survivors (1024K)
 Metaspace       used 61798K, committed 62080K, reserved 1114112K
  class space    used 7161K, committed 7296K, reserved 1048576K
}
Event: 33.600 GC heap before
{Heap before GC invocations=37 (full 0):
 garbage-first heap   total 92160K, used 74036K [0x00000000c9400000, 0x0000000100000000)
  region size 1024K, 20 young (20480K), 1 survivors (1024K)
 Metaspace       used 62467K, committed 62720K, reserved 1114112K
  class space    used 7197K, committed 7296K, reserved 1048576K
}

