# JRE version: OpenJDK Runtime Environment (17.0.11) (build 17.0.11+0--11852314)
# Java VM: OpenJDK 64-Bit Server VM (17.0.11+0--11852314, mixed mode, tiered, compressed oops, compressed class ptrs, g1 gc, windows-amd64)
GC Precious Log:
 CPUs: 4 total, 4 available
 Memory: 3499M
 Large Page Support: Disabled
 NUMA Support: Disabled
 Compressed Oops: Enabled (32-bit)
 Heap Region Size: 1M
 Heap Min Capacity: 8M
 Heap Initial Capacity: 56M
 Heap Max Capacity: 876M
 Pre-touch: Disabled
 Parallel Workers: 4
 Concurrent Workers: 1
 Concurrent Refinement Workers: 4
 Periodic GC: Disabled
Heap:
 garbage-first heap   total 73728K, used 42150K [0x00000000c9400000, 0x0000000100000000)
  region size 1024K, 3 young (3072K), 3 survivors (3072K)
 Metaspace       used 54150K, committed 54336K, reserved 1114112K
  class space    used 6384K, committed 6464K, reserved 1048576K
GC Heap History (20 events):
Event: 7.179 GC heap after
{Heap after GC invocations=10 (full 0):
 garbage-first heap   total 39936K, used 22306K [0x00000000c9400000, 0x0000000100000000)
  region size 1024K, 1 young (1024K), 1 survivors (1024K)
 Metaspace       used 34285K, committed 34496K, reserved 1114112K
  class space    used 4366K, committed 4480K, reserved 1048576K
}
Event: 7.208 GC heap before
{Heap before GC invocations=10 (full 0):
 garbage-first heap   total 39936K, used 22306K [0x00000000c9400000, 0x0000000100000000)
  region size 1024K, 2 young (2048K), 1 survivors (1024K)
 Metaspace       used 34509K, committed 34752K, reserved 1114112K
  class space    used 4390K, committed 4480K, reserved 1048576K
}
Event: 7.214 GC heap after
{Heap after GC invocations=11 (full 0):
 garbage-first heap   total 39936K, used 21533K [0x00000000c9400000, 0x0000000100000000)
  region size 1024K, 1 young (1024K), 1 survivors (1024K)
 Metaspace       used 34509K, committed 34752K, reserved 1114112K
  class space    used 4390K, committed 4480K, reserved 1048576K
}
Event: 7.404 GC heap before
{Heap before GC invocations=11 (full 0):
 garbage-first heap   total 39936K, used 30749K [0x00000000c9400000, 0x0000000100000000)
  region size 1024K, 10 young (10240K), 1 survivors (1024K)
 Metaspace       used 35576K, committed 35776K, reserved 1114112K
  class space    used 4511K, committed 4608K, reserved 1048576K
}
Event: 7.407 GC heap after
{Heap after GC invocations=12 (full 0):
 garbage-first heap   total 67584K, used 20524K [0x00000000c9400000, 0x0000000100000000)
  region size 1024K, 2 young (2048K), 2 survivors (2048K)
 Metaspace       used 35576K, committed 35776K, reserved 1114112K
  class space    used 4511K, committed 4608K, reserved 1048576K
}
Event: 8.208 GC heap before
{Heap before GC invocations=13 (full 0):
 garbage-first heap   total 67584K, used 49196K [0x00000000c9400000, 0x0000000100000000)
  region size 1024K, 30 young (30720K), 2 survivors (2048K)
 Metaspace       used 41242K, committed 41472K, reserved 1114112K
  class space    used 5032K, committed 5120K, reserved 1048576K
}
Event: 8.214 GC heap after
{Heap after GC invocations=14 (full 0):
 garbage-first heap   total 67584K, used 23110K [0x00000000c9400000, 0x0000000100000000)
  region size 1024K, 4 young (4096K), 4 survivors (4096K)
 Metaspace       used 41242K, committed 41472K, reserved 1114112K
  class space    used 5032K, committed 5120K, reserved 1048576K
}
Event: 9.643 GC heap before
{Heap before GC invocations=14 (full 0):
 garbage-first heap   total 67584K, used 51782K [0x00000000c9400000, 0x0000000100000000)
  region size 1024K, 31 young (31744K), 4 survivors (4096K)
 Metaspace       used 47197K, committed 47424K, reserved 1114112K
  class space    used 5717K, committed 5824K, reserved 1048576K
}
Event: 9.658 GC heap after
{Heap after GC invocations=15 (full 0):
 garbage-first heap   total 67584K, used 26732K [0x00000000c9400000, 0x0000000100000000)
  region size 1024K, 4 young (4096K), 4 survivors (4096K)
 Metaspace       used 47197K, committed 47424K, reserved 1114112K
  class space    used 5717K, committed 5824K, reserved 1048576K
}
Event: 10.181 GC heap before
{Heap before GC invocations=15 (full 0):
 garbage-first heap   total 67584K, used 50284K [0x00000000c9400000, 0x0000000100000000)
  region size 1024K, 27 young (27648K), 4 survivors (4096K)
 Metaspace       used 47795K, committed 48000K, reserved 1114112K
  class space    used 5751K, committed 5824K, reserved 1048576K
}
Event: 10.190 GC heap after
{Heap after GC invocations=16 (full 0):
 garbage-first heap   total 67584K, used 28245K [0x00000000c9400000, 0x0000000100000000)
  region size 1024K, 2 young (2048K), 2 survivors (2048K)
 Metaspace       used 47795K, committed 48000K, reserved 1114112K
  class space    used 5751K, committed 5824K, reserved 1048576K
}
Event: 11.023 GC heap before
{Heap before GC invocations=16 (full 0):
 garbage-first heap   total 67584K, used 52821K [0x00000000c9400000, 0x0000000100000000)
  region size 1024K, 25 young (25600K), 2 survivors (2048K)
 Metaspace       used 51837K, committed 52096K, reserved 1114112K
  class space    used 6205K, committed 6272K, reserved 1048576K
}
Event: 11.042 GC heap after
{Heap after GC invocations=17 (full 0):
 garbage-first heap   total 67584K, used 34180K [0x00000000c9400000, 0x0000000100000000)
  region size 1024K, 4 young (4096K), 4 survivors (4096K)
 Metaspace       used 51837K, committed 52096K, reserved 1114112K
  class space    used 6205K, committed 6272K, reserved 1048576K
}
Event: 11.523 GC heap before
{Heap before GC invocations=17 (full 0):
 garbage-first heap   total 67584K, used 52612K [0x00000000c9400000, 0x0000000100000000)
  region size 1024K, 22 young (22528K), 4 survivors (4096K)
 Metaspace       used 52243K, committed 52480K, reserved 1114112K
  class space    used 6236K, committed 6336K, reserved 1048576K
}
Event: 11.537 GC heap after
{Heap after GC invocations=18 (full 0):
 garbage-first heap   total 67584K, used 37336K [0x00000000c9400000, 0x0000000100000000)
  region size 1024K, 3 young (3072K), 3 survivors (3072K)
 Metaspace       used 52243K, committed 52480K, reserved 1114112K
  class space    used 6236K, committed 6336K, reserved 1048576K
}
Event: 12.086 GC heap before
{Heap before GC invocations=19 (full 0):
 garbage-first heap   total 73728K, used 52696K [0x00000000c9400000, 0x0000000100000000)
  region size 1024K, 18 young (18432K), 3 survivors (3072K)
 Metaspace       used 52765K, committed 52992K, reserved 1114112K
  class space    used 6300K, committed 6400K, reserved 1048576K
}
Event: 12.097 GC heap after
{Heap after GC invocations=20 (full 0):
 garbage-first heap   total 73728K, used 39336K [0x00000000c9400000, 0x0000000100000000)
  region size 1024K, 2 young (2048K), 2 survivors (2048K)
 Metaspace       used 52765K, committed 52992K, reserved 1114112K
  class space    used 6300K, committed 6400K, reserved 1048576K
}
Event: 12.155 GC heap before
{Heap before GC invocations=20 (full 0):
 garbage-first heap   total 73728K, used 40360K [0x00000000c9400000, 0x0000000100000000)
  region size 1024K, 3 young (3072K), 2 survivors (2048K)
 Metaspace       used 52801K, committed 53056K, reserved 1114112K
  class space    used 6302K, committed 6400K, reserved 1048576K
}
Event: 12.166 GC heap after
{Heap after GC invocations=21 (full 0):
 garbage-first heap   total 73728K, used 39164K [0x00000000c9400000, 0x0000000100000000)
  region size 1024K, 1 young (1024K), 1 survivors (1024K)
 Metaspace       used 52801K, committed 53056K, reserved 1114112K
  class space    used 6302K, committed 6400K, reserved 1048576K
}
Event: 13.081 GC heap before
{Heap before GC invocations=21 (full 0):
 garbage-first heap   total 73728K, used 56572K [0x00000000c9400000, 0x0000000100000000)
  region size 1024K, 18 young (18432K), 1 survivors (1024K)
 Metaspace       used 54150K, committed 54336K, reserved 1114112K
  class space    used 6384K, committed 6464K, reserved 1048576K
}

