# JRE version: OpenJDK Runtime Environment (17.0.11) (build 17.0.11+0--11852314)
# Java VM: OpenJDK 64-Bit Server VM (17.0.11+0--11852314, mixed mode, tiered, compressed oops, compressed class ptrs, g1 gc, windows-amd64)
GC Precious Log:
 CPUs: 4 total, 4 available
 Memory: 3499M
 Large Page Support: Disabled
 NUMA Support: Disabled
 Compressed Oops: Enabled (32-bit)
 Heap Region Size: 1M
 Heap Min Capacity: 8M
 Heap Initial Capacity: 56M
 Heap Max Capacity: 876M
 Pre-touch: Disabled
 Parallel Workers: 4
 Concurrent Workers: 1
 Concurrent Refinement Workers: 4
 Periodic GC: Disabled
Heap:
 garbage-first heap   total 107520K, used 65890K [0x00000000c9400000, 0x0000000100000000)
  region size 1024K, 2 young (2048K), 2 survivors (2048K)
 Metaspace       used 64081K, committed 64384K, reserved 1114112K
  class space    used 7271K, committed 7424K, reserved 1048576K
GC Heap History (20 events):
Event: 9.823 GC heap after
{Heap after GC invocations=19 (full 0):
 garbage-first heap   total 73728K, used 44284K [0x00000000c9400000, 0x0000000100000000)
  region size 1024K, 3 young (3072K), 3 survivors (3072K)
 Metaspace       used 54235K, committed 54464K, reserved 1114112K
  class space    used 6383K, committed 6464K, reserved 1048576K
}
Event: 9.860 GC heap before
{Heap before GC invocations=19 (full 0):
 garbage-first heap   total 73728K, used 45308K [0x00000000c9400000, 0x0000000100000000)
  region size 1024K, 4 young (4096K), 3 survivors (3072K)
 Metaspace       used 54271K, committed 54528K, reserved 1114112K
  class space    used 6383K, committed 6464K, reserved 1048576K
}
Event: 9.873 GC heap after
{Heap after GC invocations=20 (full 0):
 garbage-first heap   total 98304K, used 44065K [0x00000000c9400000, 0x0000000100000000)
  region size 1024K, 1 young (1024K), 1 survivors (1024K)
 Metaspace       used 54271K, committed 54528K, reserved 1114112K
  class space    used 6383K, committed 6464K, reserved 1048576K
}
Event: 10.628 GC heap before
{Heap before GC invocations=20 (full 0):
 garbage-first heap   total 98304K, used 72737K [0x00000000c9400000, 0x0000000100000000)
  region size 1024K, 29 young (29696K), 1 survivors (1024K)
 Metaspace       used 55726K, committed 55936K, reserved 1114112K
  class space    used 6515K, committed 6592K, reserved 1048576K
}
Event: 10.640 GC heap after
{Heap after GC invocations=21 (full 0):
 garbage-first heap   total 98304K, used 47595K [0x00000000c9400000, 0x0000000100000000)
  region size 1024K, 4 young (4096K), 4 survivors (4096K)
 Metaspace       used 55726K, committed 55936K, reserved 1114112K
  class space    used 6515K, committed 6592K, reserved 1048576K
}
Event: 11.659 GC heap before
{Heap before GC invocations=21 (full 0):
 garbage-first heap   total 98304K, used 74219K [0x00000000c9400000, 0x0000000100000000)
  region size 1024K, 30 young (30720K), 4 survivors (4096K)
 Metaspace       used 59878K, committed 60096K, reserved 1114112K
  class space    used 7003K, committed 7104K, reserved 1048576K
}
Event: 11.675 GC heap after
{Heap after GC invocations=22 (full 0):
 garbage-first heap   total 98304K, used 50615K [0x00000000c9400000, 0x0000000100000000)
  region size 1024K, 3 young (3072K), 3 survivors (3072K)
 Metaspace       used 59878K, committed 60096K, reserved 1114112K
  class space    used 7003K, committed 7104K, reserved 1048576K
}
Event: 12.294 GC heap before
{Heap before GC invocations=22 (full 0):
 garbage-first heap   total 98304K, used 69047K [0x00000000c9400000, 0x0000000100000000)
  region size 1024K, 23 young (23552K), 3 survivors (3072K)
 Metaspace       used 60850K, committed 61120K, reserved 1114112K
  class space    used 7080K, committed 7168K, reserved 1048576K
}
Event: 12.308 GC heap after
{Heap after GC invocations=23 (full 0):
 garbage-first heap   total 98304K, used 53864K [0x00000000c9400000, 0x0000000100000000)
  region size 1024K, 4 young (4096K), 4 survivors (4096K)
 Metaspace       used 60850K, committed 61120K, reserved 1114112K
  class space    used 7080K, committed 7168K, reserved 1048576K
}
Event: 12.956 GC heap before
{Heap before GC invocations=24 (full 0):
 garbage-first heap   total 106496K, used 77416K [0x00000000c9400000, 0x0000000100000000)
  region size 1024K, 26 young (26624K), 4 survivors (4096K)
 Metaspace       used 62057K, committed 62336K, reserved 1114112K
  class space    used 7169K, committed 7296K, reserved 1048576K
}
Event: 12.968 GC heap after
{Heap after GC invocations=25 (full 0):
 garbage-first heap   total 106496K, used 57195K [0x00000000c9400000, 0x0000000100000000)
  region size 1024K, 4 young (4096K), 4 survivors (4096K)
 Metaspace       used 62057K, committed 62336K, reserved 1114112K
  class space    used 7169K, committed 7296K, reserved 1048576K
}
Event: 13.006 GC heap before
{Heap before GC invocations=25 (full 0):
 garbage-first heap   total 106496K, used 58219K [0x00000000c9400000, 0x0000000100000000)
  region size 1024K, 5 young (5120K), 4 survivors (4096K)
 Metaspace       used 62092K, committed 62336K, reserved 1114112K
  class space    used 7180K, committed 7296K, reserved 1048576K
}
Event: 13.015 GC heap after
{Heap after GC invocations=26 (full 0):
 garbage-first heap   total 106496K, used 57231K [0x00000000c9400000, 0x0000000100000000)
  region size 1024K, 1 young (1024K), 1 survivors (1024K)
 Metaspace       used 62092K, committed 62336K, reserved 1114112K
  class space    used 7180K, committed 7296K, reserved 1048576K
}
Event: 13.792 GC heap before
{Heap before GC invocations=26 (full 0):
 garbage-first heap   total 106496K, used 81807K [0x00000000c9400000, 0x0000000100000000)
  region size 1024K, 26 young (26624K), 1 survivors (1024K)
 Metaspace       used 62863K, committed 63168K, reserved 1114112K
  class space    used 7215K, committed 7360K, reserved 1048576K
}
Event: 13.802 GC heap after
{Heap after GC invocations=27 (full 0):
 garbage-first heap   total 106496K, used 60138K [0x00000000c9400000, 0x0000000100000000)
  region size 1024K, 4 young (4096K), 4 survivors (4096K)
 Metaspace       used 62863K, committed 63168K, reserved 1114112K
  class space    used 7215K, committed 7360K, reserved 1048576K
}
Event: 14.599 GC heap before
{Heap before GC invocations=28 (full 0):
 garbage-first heap   total 107520K, used 83690K [0x00000000c9400000, 0x0000000100000000)
  region size 1024K, 27 young (27648K), 4 survivors (4096K)
 Metaspace       used 63510K, committed 63808K, reserved 1114112K
  class space    used 7244K, committed 7424K, reserved 1048576K
}
Event: 14.609 GC heap after
{Heap after GC invocations=29 (full 0):
 garbage-first heap   total 107520K, used 62424K [0x00000000c9400000, 0x0000000100000000)
  region size 1024K, 3 young (3072K), 3 survivors (3072K)
 Metaspace       used 63510K, committed 63808K, reserved 1114112K
  class space    used 7244K, committed 7424K, reserved 1048576K
}
Event: 14.664 GC heap before
{Heap before GC invocations=29 (full 0):
 garbage-first heap   total 107520K, used 64472K [0x00000000c9400000, 0x0000000100000000)
  region size 1024K, 5 young (5120K), 3 survivors (3072K)
 Metaspace       used 63512K, committed 63808K, reserved 1114112K
  class space    used 7244K, committed 7424K, reserved 1048576K
}
Event: 14.674 GC heap after
{Heap after GC invocations=30 (full 0):
 garbage-first heap   total 107520K, used 62369K [0x00000000c9400000, 0x0000000100000000)
  region size 1024K, 1 young (1024K), 1 survivors (1024K)
 Metaspace       used 63512K, committed 63808K, reserved 1114112K
  class space    used 7244K, committed 7424K, reserved 1048576K
}
Event: 15.535 GC heap before
{Heap before GC invocations=30 (full 0):
 garbage-first heap   total 107520K, used 87969K [0x00000000c9400000, 0x0000000100000000)
  region size 1024K, 24 young (24576K), 1 survivors (1024K)
 Metaspace       used 64081K, committed 64384K, reserved 1114112K
  class space    used 7271K, committed 7424K, reserved 1048576K
}

